<?xml version="1.0" encoding="UTF-8" ?>
<testsuite tests="0" failures="0" name="snippets.SnippetTest" time="0" errors="0" skipped="0">
  <properties>
    <property name="java.runtime.name" value="OpenJDK Runtime Environment"/>
    <property name="java.vm.version" value="18-ea+24-1608"/>
    <property name="sun.boot.library.path" value="E:\SDKs\jdks\jdk_18_ea_24\bin"/>
    <property name="user.country.format" value="FR"/>
    <property name="maven.multiModuleProjectDirectory" value="C:\learn\sandbox\side_projects_in_progress\agiletour-2021-tu-ne-le-sais-pas-encore-mais-tu-l-as-deja-documente\exemples\executable-javadoc-code-snippets"/>
    <property name="java.vm.vendor" value="Oracle Corporation"/>
    <property name="java.vendor.url" value="https://java.oracle.com/"/>
    <property name="guice.disable.misplaced.annotation.check" value="true"/>
    <property name="path.separator" value=";"/>
    <property name="java.vm.name" value="OpenJDK 64-Bit Server VM"/>
    <property name="sun.os.patch.level" value=""/>
    <property name="user.script" value=""/>
    <property name="user.country" value="US"/>
    <property name="sun.java.launcher" value="SUN_STANDARD"/>
    <property name="java.vm.specification.name" value="Java Virtual Machine Specification"/>
    <property name="user.dir" value="C:\learn\sandbox\side_projects_in_progress\agiletour-2021-tu-ne-le-sais-pas-encore-mais-tu-l-as-deja-documente\exemples\executable-javadoc-code-snippets"/>
    <property name="java.vm.compressedOopsMode" value="Zero based"/>
    <property name="java.runtime.version" value="18-ea+24-1608"/>
    <property name="os.arch" value="amd64"/>
    <property name="java.io.tmpdir" value="C:\Users\marco\AppData\Local\Temp\"/>
    <property name="line.separator" value="
"/>
    <property name="java.vm.specification.vendor" value="Oracle Corporation"/>
    <property name="user.variant" value=""/>
    <property name="os.name" value="Windows 10"/>
    <property name="classworlds.conf" value="E:\SDKs\maven\3.8.3\bin\m2.conf"/>
    <property name="sun.jnu.encoding" value="Cp1252"/>
    <property name="java.library.path" value="E:\SDKs\jdks\jdk_18_ea_24\bin;C:\WINDOWS\Sun\Java\bin;C:\WINDOWS\system32;C:\WINDOWS;C:\Program Files\PowerShell\7;C:\Program Files\Volta\;C:\Python38\Scripts\;C:\Python38\;C:\WINDOWS\system32;C:\WINDOWS;C:\WINDOWS\System32\Wbem;C:\WINDOWS\System32\WindowsPowerShell\v1.0\;C:\WINDOWS\System32\OpenSSH\;C:\ProgramData\chocolatey\bin;C:\Program Files (x86)\Calibre2\;C:\Program Files\dotnet\;C:\Program Files\Git\cmd;C:\Program Files\PowerShell\7\;C:\Program Files\Docker\Docker\resources\bin;C:\ProgramData\DockerDesktop\version-bin;C:\Users\marco\AppData\Local\Volta\bin;C:\dogfooding\adr-j\launch-scripts;C:\Users\marco\.windows-build-tools\python27\;C:\Users\marco\AppData\Local\Microsoft\WindowsApps;C:\Users\marco\.dotnet\tools;e:\bin;C:\Program Files\VideoLAN\VLC;C:\Users\marco\AppData\Local\Programs\Microsoft VS Code\bin;C:\Users\marco\AppData\Local\atom\bin;C:\Program Files\CMake\bin;C:\Program Files (x86)\Arduino;C:\Program Files (x86)\mingw-w64\i686-8.1.0-posix-dwarf-rt_v6-rev0\mingw32\bin;c:\bin;E:\SDKs\flutter\2.5.3\bin;E:\SDKs\jdks\jdk_18_ea_24\bin;E:\SDKs\maven\3.8.3\bin;;."/>
    <property name="maven.conf" value="E:\SDKs\maven\3.8.3/conf"/>
    <property name="jdk.debug" value="release"/>
    <property name="java.class.version" value="62.0"/>
    <property name="java.specification.name" value="Java Platform API Specification"/>
    <property name="sun.management.compiler" value="HotSpot 64-Bit Tiered Compilers"/>
    <property name="os.version" value="10.0"/>
    <property name="library.jansi.path" value="E:\SDKs\maven\3.8.3\lib\jansi-native"/>
    <property name="user.home" value="C:\Users\marco"/>
    <property name="user.timezone" value="Europe/Paris"/>
    <property name="file.encoding" value="UTF-8"/>
    <property name="java.specification.version" value="18"/>
    <property name="user.name" value="marco"/>
    <property name="java.class.path" value="E:\SDKs\maven\3.8.3\boot\plexus-classworlds-2.6.0.jar"/>
    <property name="java.vm.specification.version" value="18"/>
    <property name="sun.arch.data.model" value="64"/>
    <property name="sun.java.command" value="org.codehaus.plexus.classworlds.launcher.Launcher clean install"/>
    <property name="java.home" value="E:\SDKs\jdks\jdk_18_ea_24"/>
    <property name="user.language" value="en"/>
    <property name="java.specification.vendor" value="Oracle Corporation"/>
    <property name="user.language.format" value="fr"/>
    <property name="java.vm.info" value="mixed mode, sharing"/>
    <property name="java.version" value="18-ea"/>
    <property name="native.encoding" value="Cp1252"/>
    <property name="java.vendor" value="Oracle Corporation"/>
    <property name="sun.stderr.encoding" value="cp850"/>
    <property name="maven.home" value="E:\SDKs\maven\3.8.3"/>
    <property name="file.separator" value="\"/>
    <property name="java.version.date" value="2022-03-15"/>
    <property name="java.vendor.url.bug" value="https://bugreport.java.com/bugreport/"/>
    <property name="sun.io.unicode.encoding" value="UnicodeLittle"/>
    <property name="sun.cpu.endian" value="little"/>
    <property name="sun.stdout.encoding" value="cp850"/>
    <property name="sun.cpu.isalist" value="amd64"/>
  </properties>
</testsuite>